Arguments: 
  /Users/jumpai/.nvm/versions/node/v14.15.4/bin/node /Users/jumpai/.nvm/versions/node/v14.15.4/bin/yarn init

PATH: 
  /opt/homebrew/bin:/opt/homebrew/sbin:/Users/jumpai/flutter/bin:/Users/jumpai/.nvm/versions/node/v14.15.4/bin:/usr/local/bin:/usr/bin:/bin:/usr/sbin:/sbin:/Library/Apple/usr/bin

Yarn version: 
  1.22.19

Node version: 
  14.15.4

Platform: 
  darwin x64

Trace: 
  Error: canceled
      at Interface.<anonymous> (/Users/jumpai/.nvm/versions/node/v14.15.4/lib/node_modules/yarn/lib/cli.js:137150:13)
      at Interface.emit (events.js:315:20)
      at Interface._ttyWrite (readline.js:875:16)
      at ReadStream.onkeypress (readline.js:213:10)
      at ReadStream.emit (events.js:315:20)
      at emitKeys (internal/readline/utils.js:345:14)
      at emitKeys.next (<anonymous>)
      at ReadStream.onData (readline.js:1144:36)
      at ReadStream.emit (events.js:315:20)
      at addChunk (internal/streams/readable.js:309:12)

npm manifest: 
  No manifest

yarn manifest: 
  No manifest

Lockfile: 
  No lockfile
